<?xml version="1.0" encoding="UTF-8"?>
<!-- Generated by org.testng.reporters.JUnitReportReporter -->
<testsuite skipped="0" hostname="DESKTOP-CHEFHGA" name="RunnerCucumber.NewTest" tests="1" failures="0" timestamp="2019-09-19T12:08:43 UYT" time="41.754" errors="0">
  <testcase name="feature" time="41.754" classname="RunnerCucumber.NewTest"/>
</testsuite> <!-- RunnerCucumber.NewTest -->
