<?xml version="1.0" encoding="UTF-8"?>
<!-- Generated by org.testng.reporters.JUnitReportReporter -->
<testsuite skipped="0" hostname="DESKTOP-CHEFHGA" name="TestSuite.CreateRuleComun" tests="1" failures="0" timestamp="2019-09-30T12:45:21 UYT" time="26.142" errors="0">
  <testcase name="CreateRuleTest" time="26.142" classname="TestSuite.CreateRuleComun"/>
</testsuite> <!-- TestSuite.CreateRuleComun -->
