<?xml version="1.0" encoding="UTF-8"?>
<!-- Generated by org.testng.reporters.JUnitReportReporter -->
<testsuite skipped="0" hostname="DESKTOP-CHEFHGA" name="TestSuite.NewTest11" tests="1" failures="0" timestamp="2019-08-20T12:19:58 UYT" time="0.008" errors="0">
  <testcase name="f" time="0.008" classname="TestSuite.NewTest11"/>
</testsuite> <!-- TestSuite.NewTest11 -->
