<?xml version="1.0" encoding="UTF-8"?>
<!-- Generated by org.testng.reporters.JUnitReportReporter -->
<testsuite skipped="0" hostname="DESKTOP-CHEFHGA" name="TestSuite.NewTest" tests="1" failures="0" timestamp="13 sep 2019 20:47:00 GMT" time="9.509" errors="0">
  <testcase name="ByVisibleElement" time="9.509" classname="TestSuite.NewTest"/>
</testsuite> <!-- TestSuite.NewTest -->
