<?xml version="1.0" encoding="UTF-8"?>
<!-- Generated by org.testng.reporters.JUnitReportReporter -->
<testsuite skipped="0" hostname="DESKTOP-CHEFHGA" name="TestSuite.BookingTest" tests="1" failures="0" timestamp="2019-09-26T11:50:15 UYT" time="39.053" errors="0">
  <testcase name="Booking" time="39.053" classname="TestSuite.BookingTest"/>
</testsuite> <!-- TestSuite.BookingTest -->
