<?xml version="1.0" encoding="UTF-8"?>
<!-- Generated by org.testng.reporters.JUnitReportReporter -->
<testsuite skipped="0" hostname="DESKTOP-CHEFHGA" name="TestSuite.CreateRuleComun" tests="4" failures="0" timestamp="2019-09-27T11:10:04 UYT" time="86.986" errors="0">
  <testcase name="CreateRuleTest" time="25.770" classname="TestSuite.CreateRuleComun"/>
  <testcase name="CreateRuleTest" time="19.889" classname="TestSuite.CreateRuleComun"/>
  <testcase name="CreateRuleTest" time="20.172" classname="TestSuite.CreateRuleComun"/>
  <testcase name="CreateRuleTest" time="21.155" classname="TestSuite.CreateRuleComun"/>
</testsuite> <!-- TestSuite.CreateRuleComun -->
