<?xml version="1.0" encoding="UTF-8"?>
<!-- Generated by org.testng.reporters.JUnitReportReporter -->
<testsuite skipped="0" hostname="DESKTOP-CHEFHGA" name="TestSuite.Cancelbooking" tests="1" failures="0" timestamp="2019-09-26T11:56:49 UYT" time="30.955" errors="0">
  <testcase name="cancelbooking" time="30.955" classname="TestSuite.Cancelbooking"/>
</testsuite> <!-- TestSuite.Cancelbooking -->
