<?xml version="1.0" encoding="UTF-8"?>
<!-- Generated by org.testng.reporters.JUnitReportReporter -->
<testsuite skipped="0" hostname="DESKTOP-CHEFHGA" name="TestSuite.FilterRule" tests="1" failures="0" timestamp="02 sep 2019 12:38:25 GMT" time="16.906" errors="0">
  <testcase name="FilterRule" time="16.906" classname="TestSuite.FilterRule"/>
</testsuite> <!-- TestSuite.FilterRule -->
