<?xml version="1.0" encoding="UTF-8"?>
<!-- Generated by org.testng.reporters.JUnitReportReporter -->
<testsuite skipped="0" hostname="DESKTOP-CHEFHGA" name="Cucumber.Filter" tests="1" failures="0" timestamp="05 sep 2019 19:03:34 GMT" time="14.875" errors="0">
  <testcase name="feature" time="14.875" classname="Cucumber.Filter"/>
</testsuite> <!-- Cucumber.Filter -->
