<?xml version="1.0" encoding="UTF-8"?>
<!-- Generated by org.testng.reporters.JUnitReportReporter -->
<testsuite skipped="0" hostname="DESKTOP-CHEFHGA" name="Cucumber.loginSG" tests="1" failures="0" timestamp="03 sep 2019 16:04:37 GMT" time="9.580" errors="0">
  <testcase name="feature" time="9.580" classname="Cucumber.loginSG"/>
</testsuite> <!-- Cucumber.loginSG -->
