<?xml version="1.0" encoding="UTF-8"?>
<!-- Generated by org.testng.reporters.JUnitReportReporter -->
<testsuite skipped="0" hostname="DESKTOP-CHEFHGA" name="TestSuite.ExceptionResol" tests="1" failures="0" timestamp="2019-09-17T17:32:10 UYT" time="27.057" errors="0">
  <testcase name="ExceptionResolution" time="27.057" classname="TestSuite.ExceptionResol"/>
</testsuite> <!-- TestSuite.ExceptionResol -->
