<?xml version="1.0" encoding="UTF-8"?>
<!-- Generated by org.testng.reporters.JUnitReportReporter -->
<testsuite skipped="0" hostname="DESKTOP-CHEFHGA" name="Cucumber.runner" tests="1" failures="0" timestamp="02 sep 2019 17:51:54 GMT" time="17.940" errors="0">
  <testcase name="feature" time="17.940" classname="Cucumber.runner"/>
</testsuite> <!-- Cucumber.runner -->
