<?xml version="1.0" encoding="UTF-8"?>
<!-- Generated by org.testng.reporters.JUnitReportReporter -->
<testsuite skipped="0" hostname="DESKTOP-CHEFHGA" name="TestSuite.FilterRule" tests="1" failures="0" timestamp="2019-09-30T12:45:21 UYT" time="16.389" errors="0">
  <testcase name="FilterRule" time="16.389" classname="TestSuite.FilterRule"/>
</testsuite> <!-- TestSuite.FilterRule -->
