<?xml version="1.0" encoding="UTF-8"?>
<!-- Generated by org.testng.reporters.JUnitReportReporter -->
<testsuite skipped="0" hostname="DESKTOP-CHEFHGA" name="TestSuite.ADminLogin" tests="1" failures="0" timestamp="26 ago 2019 13:01:04 GMT" time="14.161" errors="0">
  <testcase name="testLogin" time="14.161" classname="TestSuite.ADminLogin"/>
</testsuite> <!-- TestSuite.ADminLogin -->
